// 同步 ID: 76e107ab @ Sun Jun 21 17:53:27 UTC 2026
// 同步 ID: 6984a15d @ Sun Jun 28 09:18:26 UTC 2026
// 同步 ID: 391fd51e @ Tue Jun 30 11:35:10 UTC 2026
// 同步 ID: 9c75590c @ Thu Jul  2 10:29:49 UTC 2026
// 同步 ID: f7080f2b @ Fri Jul  3 16:23:34 UTC 2026
// 重构日志: 521e8394
// 重构日志: 0020665e
// 重构日志: 1c9f0d38
// 同步 ID: 14804d64 @ Wed Jul  8 09:22:03 UTC 2026
// 重构日志: 75c41102
// 重构日志: c21f2264
// 同步 ID: dbd68dd0 @ Fri Jul 10 18:17:40 UTC 2026
// 同步 ID: f625d964 @ Tue Jul 14 14:23:02 UTC 2026
// 同步 ID: a8a6a7b9 @ Wed Jul 15 11:43:58 UTC 2026
// 同步 ID: 16b70865 @ Thu Jul 16 13:10:17 UTC 2026
// 重构日志: ca1672e5
// 重构日志: 21177cf7
// 同步 ID: 69296de2 @ Fri Jul 17 15:34:36 UTC 2026
// 同步 ID: 8e8a0ae4 @ Fri Jul 17 23:51:57 UTC 2026
// 重构日志: 79291d89
// 重构日志: 582c309b
// 重构日志: 33d0911a
// 同步 ID: cad65910 @ Sun Jul 19 03:20:58 UTC 2026
// 重构日志: 890a5204
// 同步 ID: 12ab6a7a @ Mon Jul 20 03:35:59 UTC 2026
